<?xml version="1.0" encoding="UTF-8"?>
<testsuite name="com.phonebook.tests.HeaderTests" tests="4" skipped="0" failures="0" errors="0" timestamp="2023-07-05T22:15:12" hostname="DESKTOP-OS617JJ" time="0.196">
  <properties/>
  <testcase name="verifyIsAboutLinkPresent" classname="com.phonebook.tests.HeaderTests" time="0.021"/>
  <testcase name="verifyIsHomeLinkPresent" classname="com.phonebook.tests.HeaderTests" time="0.024"/>
  <testcase name="verifyIsLoginLinkPresent" classname="com.phonebook.tests.HeaderTests" time="0.037"/>
  <testcase name="verifyIsLogoPresent" classname="com.phonebook.tests.HeaderTests" time="0.025"/>
  <system-out><![CDATA[00:15:12.749 [Test worker] INFO  com.phonebook.tests.TestBase -- Start test verifyIsAboutLinkPresent with data: []
00:15:12.796 [Test worker] INFO  com.phonebook.tests.TestBase -- PASSED: verifyIsAboutLinkPresent
00:15:12.797 [Test worker] INFO  com.phonebook.tests.TestBase -- Stop test
00:15:12.798 [Test worker] INFO  com.phonebook.tests.TestBase -- ==================================================
00:15:12.802 [Test worker] INFO  com.phonebook.tests.TestBase -- Start test verifyIsHomeLinkPresent with data: []
00:15:12.845 [Test worker] INFO  com.phonebook.tests.TestBase -- PASSED: verifyIsHomeLinkPresent
00:15:12.846 [Test worker] INFO  com.phonebook.tests.TestBase -- Stop test
00:15:12.846 [Test worker] INFO  com.phonebook.tests.TestBase -- ==================================================
00:15:12.850 [Test worker] INFO  com.phonebook.tests.TestBase -- Start test verifyIsLoginLinkPresent with data: []
00:15:12.910 [Test worker] INFO  com.phonebook.tests.TestBase -- PASSED: verifyIsLoginLinkPresent
00:15:12.911 [Test worker] INFO  com.phonebook.tests.TestBase -- Stop test
00:15:12.911 [Test worker] INFO  com.phonebook.tests.TestBase -- ==================================================
00:15:12.914 [Test worker] INFO  com.phonebook.tests.TestBase -- Start test verifyIsLogoPresent with data: []
00:15:12.972 [Test worker] INFO  com.phonebook.tests.TestBase -- PASSED: verifyIsLogoPresent
00:15:12.972 [Test worker] INFO  com.phonebook.tests.TestBase -- Stop test
00:15:12.972 [Test worker] INFO  com.phonebook.tests.TestBase -- ==================================================
]]></system-out>
  <system-err><![CDATA[]]></system-err>
</testsuite>
